<?xml version="1.0" encoding="UTF-8"?>
<!-- Generated by org.testng.reporters.JUnitReportReporter -->
<testsuite hostname="MT-5CD121JQR6" failures="0" tests="10" name="com.mindtree.runner.TestRunner" time="236.913" errors="0" timestamp="2022-01-20T19:44:01 IST" skipped="0">
  <testcase classname="com.mindtree.runner.TestRunner" name="runScenario" time="29.789"/>
  <testcase classname="com.mindtree.runner.TestRunner" name="runScenario" time="7.964"/>
  <testcase classname="com.mindtree.runner.TestRunner" name="runScenario" time="47.796"/>
  <testcase classname="com.mindtree.runner.TestRunner" name="runScenario" time="11.967"/>
  <testcase classname="com.mindtree.runner.TestRunner" name="runScenario" time="41.171"/>
  <testcase classname="com.mindtree.runner.TestRunner" name="runScenario" time="25.477"/>
  <testcase classname="com.mindtree.runner.TestRunner" name="runScenario" time="23.290"/>
  <testcase classname="com.mindtree.runner.TestRunner" name="runScenario" time="25.321"/>
  <testcase classname="com.mindtree.runner.TestRunner" name="runScenario" time="13.698"/>
  <testcase classname="com.mindtree.runner.TestRunner" name="runScenario" time="10.440"/>
</testsuite> <!-- com.mindtree.runner.TestRunner -->
